<?xml version="1.0" encoding="UTF-8"?>
<!-- Generated by org.testng.reporters.JUnitXMLReporter -->
<testsuite ignored="0" hostname="DESKTOP-SQ1HPPK" failures="4" tests="5" name="regression test" time="0.066" errors="0" timestamp="2022-12-09T21:18:28 IST">
  <testcase classname="com.testng.examples.TestNGDemo" name="testCase1" time="0.004"/>
  <testcase classname="com.testng.examples.TestNGDemo" name="testCase2" time="0.004">
    <failure type="java.lang.AssertionError" message="Failed this testcase intentionally">
      <![CDATA[java.lang.AssertionError: Failed this testcase intentionally
at com.testng.examples.TestNGDemo.testCase2(TestNGDemo.java:30)
at java.base/java.util.ArrayList.forEach(ArrayList.java:1541)
... Removed 28 stack frames]]>
    </failure>
  </testcase> <!-- testCase2 -->
  <testcase classname="com.testng.examples.TestNGDemo2" name="testCase3" time="0.001">
    <failure type="java.lang.AssertionError" message="condition is false. So failed the test">
      <![CDATA[java.lang.AssertionError: condition is false. So failed the test
at com.testng.examples.TestNGDemo2.testCase3(TestNGDemo2.java:26)
at java.base/java.util.ArrayList.forEach(ArrayList.java:1541)
... Removed 28 stack frames]]>
    </failure>
  </testcase> <!-- testCase3 -->
  <testcase classname="com.testng.examples.TestNGDemo2" name="testCase4" time="0.001">
    <failure type="java.lang.AssertionError" message="Emp is not married expected [true] but found [false]">
      <![CDATA[java.lang.AssertionError: Emp is not married expected [true] but found [false]
at com.testng.examples.TestNGDemo2.testCase4(TestNGDemo2.java:33)
at java.base/java.util.ArrayList.forEach(ArrayList.java:1541)
... Removed 32 stack frames]]>
    </failure>
  </testcase> <!-- testCase4 -->
  <testcase classname="com.testng.examples.TestNGDemo2" name="testCase5" time="0.0">
    <failure type="java.lang.AssertionError" message="intentional failing the testcase. condition is false. So failed the test">
      <![CDATA[java.lang.AssertionError: intentional failing the testcase. condition is false. So failed the test
at com.testng.examples.TestNGDemo2.testCase5(TestNGDemo2.java:41)
at java.base/java.util.ArrayList.forEach(ArrayList.java:1541)
... Removed 28 stack frames]]>
    </failure>
  </testcase> <!-- testCase5 -->
</testsuite> <!-- regression test -->
